<?xml version="1.0" encoding="utf-8"?><testsuites name="pytest tests"><testsuite name="pytest" errors="0" failures="0" skipped="0" tests="70" time="47.078" timestamp="2026-09-21T15:26:26.059234+01:00" hostname="DESKTOP-CU5J9QN"><testcase classname="tests.test_annotated_gcia" name="test_graph_audit_detects_disconnection_without_changing_node_count" time="0.005" /><testcase classname="tests.test_annotated_gcia" name="test_graph_audit_preserves_connectivity_for_redundant_edge" time="0.001" /><testcase classname="tests.test_audit_decisions" name="test_nonsignificance_is_not_nonuse" time="0.001" /><testcase classname="tests.test_audit_decisions" name="test_validity_precedes_effect_and_posthoc_margin_is_rejected" time="0.001" /><testcase classname="tests.test_audit_decisions" name="test_invalid_intervals" time="0.001" /><testcase classname="tests.test_bracs_binary" name="test_manifest_rejects_shared_patient" time="0.001" /><testcase classname="tests.test_bracs_binary" name="test_metrics_fixed_threshold_and_confusion" time="0.004" /><testcase classname="tests.test_bracs_binary" name="test_models_produce_one_logit_per_image_and_gradients" time="0.066" /><testcase classname="tests.test_bracs_three_xai" name="test_ensemble_matches_batched_binary_classifier" time="0.062" /><testcase classname="tests.test_bracs_three_xai" name="test_constrained_direction_spares_other_linear_concepts" time="0.005" /><testcase classname="tests.test_cell_gcia_master" name="test_bach_unavailable_fails_without_writing" time="0.006" /><testcase classname="tests.test_cell_gcia_master" name="test_master_is_quarantined" time="0.001" /><testcase classname="tests.test_cell_gcia_master" name="test_synthetic_fixture_identifies_itself" time="0.027" /><testcase classname="tests.test_cell_graph_xai" name="test_cell_gnn_explainer_masks" time="0.062" /><testcase classname="tests.test_cell_graph_xai" name="test_concept_cell_aligner" time="0.002" /><testcase classname="tests.test_cell_graph_xai" name="test_cell_graph_interventions" time="0.002" /><testcase classname="tests.test_cell_graph_xai" name="test_cell_intervention_fidelity" time="0.008" /><testcase classname="tests.test_cell_graph_xai" name="test_official_explainer_preserves_parameters" time="0.010" /><testcase classname="tests.test_cell_graphs" name="test_instance_metrics_ignore_id_values_and_penalize_missing_objects" time="0.002" /><testcase classname="tests.test_cell_graphs" name="test_merged_instances_do_not_get_double_credit" time="0.001" /><testcase classname="tests.test_cell_graphs" name="test_empty_and_all_foreground_masks" time="0.002" /><testcase classname="tests.test_cell_graphs" name="test_cell_geometry_units_and_radius" time="0.011" /><testcase classname="tests.test_cell_graphs" name="test_existing_architectures_accept_cell_graphs_and_backpropagate[GCN]" time="0.011" /><testcase classname="tests.test_cell_graphs" name="test_existing_architectures_accept_cell_graphs_and_backpropagate[GraphSAGE]" time="0.061" /><testcase classname="tests.test_cell_graphs" name="test_existing_architectures_accept_cell_graphs_and_backpropagate[GATv2]" time="0.098" /><testcase classname="tests.test_cell_training" name="test_patient_leakage_is_rejected" time="0.001" /><testcase classname="tests.test_cell_training" name="test_missing_class_is_rejected" time="0.001" /><testcase classname="tests.test_cell_training" name="test_training_pipeline_writes_all_architectures_and_locks_outputs" time="1.742" /><testcase classname="tests.test_cell_xai" name="test_area_intervention_preserves_axis_ratio_and_other_features" time="0.002" /><testcase classname="tests.test_cell_xai" name="test_ensemble_matches_original_batched_classifier[GCN]" time="0.012" /><testcase classname="tests.test_cell_xai" name="test_ensemble_matches_original_batched_classifier[GraphSAGE]" time="0.011" /><testcase classname="tests.test_cell_xai" name="test_ensemble_matches_original_batched_classifier[GATv2]" time="0.014" /><testcase classname="tests.test_data_audit" name="test_ignored_pixels_do_not_bias_area_denominator" time="0.001" /><testcase classname="tests.test_data_audit" name="test_unknown_labels_are_rejected" time="0.001" /><testcase classname="tests.test_data_audit" name="test_empty_annotation_is_not_reported_as_zero_tumor" time="0.001" /><testcase classname="tests.test_environment" name="test_graph_forward_and_input_gradient[GCN]" time="0.018" /><testcase classname="tests.test_environment" name="test_graph_forward_and_input_gradient[GraphSAGE]" time="0.006" /><testcase classname="tests.test_environment" name="test_graph_forward_and_input_gradient[GATv2]" time="0.007" /><testcase classname="tests.test_environment" name="test_openslide_decodes_tiled_pixels" time="0.110" /><testcase classname="tests.test_extended_xai" name="test_tissue_fraction_ignores_unannotated_pixels" time="0.001" /><testcase classname="tests.test_extended_xai" name="test_saliency_does_not_change_frozen_weights_or_graph" time="0.019" /><testcase classname="tests.test_focused_study" name="test_excluded_pixels_do_not_dilute_tissue_fraction" time="0.001" /><testcase classname="tests.test_focused_study" name="test_patch_replacement_equals_descriptor_replacement" time="0.008" /><testcase classname="tests.test_focused_study" name="test_selection_requires_both_tissues_and_separate_control" time="0.001" /><testcase classname="tests.test_full_study_synthetic" name="test_factorial_generator_and_selective_edits" time="0.018" /><testcase classname="tests.test_full_study_synthetic" name="test_deepsets_invariant_to_relational_intervention" time="0.008" /><testcase classname="tests.test_gnnexplainer_baseline" name="test_regional_wrapper_and_noop_deletion" time="0.011" /><testcase classname="tests.test_gnnexplainer_baseline" name="test_explainer_preserves_weights_and_removes_temporary_masks" time="0.022" /><testcase classname="tests.test_hovernet_adapter" name="test_tiled_inference_preserves_alignment_on_nonmultiple_dimensions" time="0.003" /><testcase classname="tests.test_hovernet_adapter" name="test_tiled_inference_preserves_tiny_image_borders" time="0.001" /><testcase classname="tests.test_nuclear_annotations" name="test_polygon_rasterizer_uses_xy_without_transposition" time="0.013" /><testcase classname="tests.test_pathologist_review" name="test_clinical_scoring_form_serialization" time="0.001" /><testcase classname="tests.test_pathologist_review" name="test_pathologist_review_generator" time="0.003" /><testcase classname="tests.test_phase2_pipeline" name="test_patient_overlap_is_rejected" time="0.002" /><testcase classname="tests.test_phase2_pipeline" name="test_knn_edges_are_bidirectional" time="0.001" /><testcase classname="tests.test_phase2_pipeline" name="test_make_graph_and_feature_edit" time="0.001" /><testcase classname="tests.test_probe_robustness" name="test_null_probe_evaluator" time="0.133" /><testcase classname="tests.test_probe_robustness" name="test_random_direction_control_evaluator" time="0.011" /><testcase classname="tests.test_probe_robustness" name="test_probe_stability_evaluator" time="0.002" /><testcase classname="tests.test_probe_robustness" name="test_probe_rejects_resubstitution_and_patient_leakage" time="0.001" /><testcase classname="tests.test_probe_robustness" name="test_opposite_probe_directions_remain_negative" time="0.001" /><testcase classname="tests.test_real_xai" name="test_integer_coordinates_and_unique_graph_edges" time="0.008" /><testcase classname="tests.test_real_xai" name="test_ridge_generalizes_known_linear_signal" time="0.001" /><testcase classname="tests.test_real_xai" name="test_controls_match_budget_and_do_not_mutate_input" time="0.148" /><testcase classname="tests.test_structural_interventions" name="test_node_removal_reindexes_and_preserves_features" time="0.002" /><testcase classname="tests.test_structural_interventions" name="test_edge_matching_exact_strata_without_duplicates" time="0.001" /><testcase classname="tests.test_xai_audit" name="test_probe_is_evaluated_on_held_out_examples" time="0.052" /><testcase classname="tests.test_xai_audit" name="test_patient_leakage_is_rejected_for_concept_probes" time="0.001" /><testcase classname="tests.test_xai_audit" name="test_concept_audit_requires_controls_and_reports_specificity" time="0.001" /><testcase classname="tests.test_xai_audit" name="test_graph_and_patch_edits_preserve_declared_support_and_shape" time="0.002" /></testsuite></testsuites>